{"C:\\Users\\User\\WebstormProjects\\PInstagramAPI\\app.ts": {"path":"C:\\Users\\User\\WebstormProjects\\PInstagramAPI\\app.ts","statementMap":{"0":{"start":{"line":1,"column":0},"end":{"line":1,"column":51}},"1":{"start":{"line":2,"column":0},"end":{"line":2,"column":27}},"2":{"start":{"line":3,"column":0},"end":{"line":3,"column":23}},"3":{"start":{"line":4,"column":0},"end":{"line":4,"column":36}},"4":{"start":{"line":5,"column":0},"end":{"line":5,"column":43}},"5":{"start":{"line":6,"column":0},"end":{"line":6,"column":45}},"6":{"start":{"line":7,"column":0},"end":{"line":7,"column":45}},"7":{"start":{"line":8,"column":0},"end":{"line":8,"column":51}},"8":{"start":{"line":11,"column":33},"end":{"line":11,"column":42}},"9":{"start":{"line":15,"column":0},"end":{"line":15,"column":null}},"10":{"start":{"line":17,"column":0},"end":{"line":22,"column":null}},"11":{"start":{"line":23,"column":0},"end":{"line":23,"column":null}},"12":{"start":{"line":24,"column":0},"end":{"line":24,"column":null}},"13":{"start":{"line":25,"column":0},"end":{"line":25,"column":null}},"14":{"start":{"line":26,"column":0},"end":{"line":26,"column":null}},"15":{"start":{"line":29,"column":0},"end":{"line":31,"column":3}},"16":{"start":{"line":30,"column":5},"end":{"line":30,"column":46}},"17":{"start":{"line":32,"column":0},"end":{"line":32,"column":null}},"18":{"start":{"line":33,"column":0},"end":{"line":33,"column":null}},"19":{"start":{"line":34,"column":0},"end":{"line":34,"column":null}},"20":{"start":{"line":40,"column":0},"end":{"line":40,"column":null}}},"fnMap":{"0":{"name":"(anonymous_1)","decl":{"start":{"line":29,"column":13},"end":{"line":29,"column":14}},"loc":{"start":{"line":29,"column":43},"end":{"line":31,"column":1}}}},"branchMap":{},"s":{"0":4,"1":4,"2":4,"3":4,"4":4,"5":4,"6":4,"7":4,"8":4,"9":4,"10":4,"11":4,"12":4,"13":4,"14":4,"15":4,"16":0,"17":4,"18":4,"19":4,"20":4},"f":{"0":0},"b":{}}
,"C:\\Users\\User\\WebstormProjects\\PInstagramAPI\\config\\db.ts": {"path":"C:\\Users\\User\\WebstormProjects\\PInstagramAPI\\config\\db.ts","statementMap":{"0":{"start":{"line":1,"column":0},"end":{"line":1,"column":44}},"1":{"start":{"line":4,"column":15},"end":{"line":4,"column":33}},"2":{"start":{"line":7,"column":0},"end":{"line":7,"column":null}}},"fnMap":{},"branchMap":{},"s":{"0":4,"1":4,"2":4},"f":{},"b":{}}
,"C:\\Users\\User\\WebstormProjects\\PInstagramAPI\\config\\imageUploadUtil.ts": {"path":"C:\\Users\\User\\WebstormProjects\\PInstagramAPI\\config\\imageUploadUtil.ts","statementMap":{"0":{"start":{"line":1,"column":0},"end":{"line":1,"column":36}},"1":{"start":{"line":4,"column":5},"end":{"line":22,"column":null}},"2":{"start":{"line":5,"column":10},"end":{"line":21,"column":18}},"3":{"start":{"line":14,"column":20},"end":{"line":20,"column":null}},"4":{"start":{"line":15,"column":25},"end":{"line":15,"column":null}},"5":{"start":{"line":16,"column":25},"end":{"line":16,"column":null}},"6":{"start":{"line":17,"column":25},"end":{"line":17,"column":null}},"7":{"start":{"line":19,"column":25},"end":{"line":19,"column":null}},"8":{"start":{"line":46,"column":21},"end":{"line":46,"column":32}},"9":{"start":{"line":25,"column":5},"end":{"line":43,"column":null}},"10":{"start":{"line":26,"column":10},"end":{"line":42,"column":18}},"11":{"start":{"line":35,"column":20},"end":{"line":41,"column":null}},"12":{"start":{"line":36,"column":25},"end":{"line":36,"column":null}},"13":{"start":{"line":37,"column":25},"end":{"line":37,"column":null}},"14":{"start":{"line":38,"column":25},"end":{"line":38,"column":null}},"15":{"start":{"line":40,"column":25},"end":{"line":40,"column":null}},"16":{"start":{"line":46,"column":9},"end":{"line":46,"column":20}}},"fnMap":{"0":{"name":"uploadImage","decl":{"start":{"line":3,"column":9},"end":{"line":3,"column":20}},"loc":{"start":{"line":3,"column":69},"end":{"line":23,"column":1}}},"1":{"name":"(anonymous_2)","decl":{"start":{"line":4,"column":24},"end":{"line":4,"column":25}},"loc":{"start":{"line":4,"column":44},"end":{"line":22,"column":6}}},"2":{"name":"(anonymous_3)","decl":{"start":{"line":12,"column":15},"end":{"line":12,"column":16}},"loc":{"start":{"line":12,"column":33},"end":{"line":21,"column":16}}},"3":{"name":"uploadVideo","decl":{"start":{"line":24,"column":9},"end":{"line":24,"column":20}},"loc":{"start":{"line":24,"column":69},"end":{"line":44,"column":1}}},"4":{"name":"(anonymous_5)","decl":{"start":{"line":25,"column":24},"end":{"line":25,"column":25}},"loc":{"start":{"line":25,"column":44},"end":{"line":43,"column":6}}},"5":{"name":"(anonymous_6)","decl":{"start":{"line":33,"column":15},"end":{"line":33,"column":16}},"loc":{"start":{"line":33,"column":33},"end":{"line":42,"column":16}}}},"branchMap":{"0":{"loc":{"start":{"line":14,"column":20},"end":{"line":20,"column":null}},"type":"if","locations":[{"start":{"line":14,"column":20},"end":{"line":20,"column":null}},{"start":{"line":18,"column":26},"end":{"line":20,"column":null}}]},"1":{"loc":{"start":{"line":35,"column":20},"end":{"line":41,"column":null}},"type":"if","locations":[{"start":{"line":35,"column":20},"end":{"line":41,"column":null}},{"start":{"line":39,"column":26},"end":{"line":41,"column":null}}]}},"s":{"0":4,"1":0,"2":0,"3":0,"4":0,"5":0,"6":0,"7":0,"8":4,"9":0,"10":0,"11":0,"12":0,"13":0,"14":0,"15":0,"16":4},"f":{"0":0,"1":0,"2":0,"3":0,"4":0,"5":0},"b":{"0":[0,0],"1":[0,0]}}
,"C:\\Users\\User\\WebstormProjects\\PInstagramAPI\\config\\util.ts": {"path":"C:\\Users\\User\\WebstormProjects\\PInstagramAPI\\config\\util.ts","statementMap":{"0":{"start":{"line":2,"column":15},"end":{"line":2,"column":17}},"1":{"start":{"line":3,"column":23},"end":{"line":3,"column":68}},"2":{"start":{"line":4,"column":5},"end":{"line":7,"column":null}},"3":{"start":{"line":4,"column":17},"end":{"line":4,"column":18}},"4":{"start":{"line":5,"column":24},"end":{"line":5,"column":68}},"5":{"start":{"line":6,"column":10},"end":{"line":6,"column":34}},"6":{"start":{"line":9,"column":5},"end":{"line":9,"column":16}},"7":{"start":{"line":12,"column":30},"end":{"line":12,"column":55}},"8":{"start":{"line":13,"column":26},"end":{"line":13,"column":42}},"9":{"start":{"line":14,"column":5},"end":{"line":14,"column":null}},"10":{"start":{"line":18,"column":5},"end":{"line":18,"column":38}},"11":{"start":{"line":20,"column":9},"end":{"line":20,"column":25}},"12":{"start":{"line":21,"column":0},"end":{"line":21,"column":null}}},"fnMap":{"0":{"name":"randomHexColor","decl":{"start":{"line":1,"column":9},"end":{"line":1,"column":23}},"loc":{"start":{"line":1,"column":23},"end":{"line":10,"column":1}}},"1":{"name":"generateAvatarURL","decl":{"start":{"line":11,"column":9},"end":{"line":11,"column":26}},"loc":{"start":{"line":11,"column":38},"end":{"line":16,"column":1}}},"2":{"name":"getFileExtension","decl":{"start":{"line":17,"column":9},"end":{"line":17,"column":25}},"loc":{"start":{"line":17,"column":41},"end":{"line":19,"column":1}}}},"branchMap":{},"s":{"0":1,"1":1,"2":1,"3":1,"4":6,"5":6,"6":1,"7":1,"8":1,"9":1,"10":0,"11":4,"12":4},"f":{"0":1,"1":1,"2":0},"b":{}}
,"C:\\Users\\User\\WebstormProjects\\PInstagramAPI\\controllers\\commentControllers\\addComment.ts": {"path":"C:\\Users\\User\\WebstormProjects\\PInstagramAPI\\controllers\\commentControllers\\addComment.ts","statementMap":{"0":{"start":{"line":3,"column":0},"end":{"line":3,"column":37}},"1":{"start":{"line":4,"column":0},"end":{"line":4,"column":35}},"2":{"start":{"line":14,"column":19},"end":{"line":38,"column":null}},"3":{"start":{"line":14,"column":76},"end":{"line":38,"column":null}},"4":{"start":{"line":15,"column":5},"end":{"line":37,"column":null}},"5":{"start":{"line":16,"column":51},"end":{"line":16,"column":59}},"6":{"start":{"line":17,"column":29},"end":{"line":25,"column":12}},"7":{"start":{"line":26,"column":10},"end":{"line":29,"column":null}},"8":{"start":{"line":32,"column":10},"end":{"line":32,"column":null}},"9":{"start":{"line":33,"column":10},"end":{"line":36,"column":null}},"10":{"start":{"line":42,"column":0},"end":{"line":42,"column":null}}},"fnMap":{"0":{"name":"(anonymous_8)","decl":{"start":{"line":14,"column":19},"end":{"line":14,"column":26}},"loc":{"start":{"line":14,"column":76},"end":{"line":38,"column":null}}},"1":{"name":"(anonymous_9)","decl":{"start":{"line":14,"column":76},"end":{"line":14,"column":null}},"loc":{"start":{"line":14,"column":76},"end":{"line":38,"column":1}}}},"branchMap":{},"s":{"0":4,"1":4,"2":4,"3":0,"4":0,"5":0,"6":0,"7":0,"8":0,"9":0,"10":4},"f":{"0":0,"1":0},"b":{}}
,"C:\\Users\\User\\WebstormProjects\\PInstagramAPI\\controllers\\commentControllers\\deleteComment.ts": {"path":"C:\\Users\\User\\WebstormProjects\\PInstagramAPI\\controllers\\commentControllers\\deleteComment.ts","statementMap":{"0":{"start":{"line":3,"column":0},"end":{"line":3,"column":37}},"1":{"start":{"line":12,"column":22},"end":{"line":32,"column":null}},"2":{"start":{"line":12,"column":79},"end":{"line":32,"column":null}},"3":{"start":{"line":13,"column":5},"end":{"line":31,"column":null}},"4":{"start":{"line":14,"column":32},"end":{"line":14,"column":40}},"5":{"start":{"line":15,"column":32},"end":{"line":19,"column":12}},"6":{"start":{"line":20,"column":10},"end":{"line":23,"column":null}},"7":{"start":{"line":26,"column":10},"end":{"line":26,"column":null}},"8":{"start":{"line":27,"column":10},"end":{"line":30,"column":null}},"9":{"start":{"line":36,"column":0},"end":{"line":36,"column":null}}},"fnMap":{"0":{"name":"(anonymous_8)","decl":{"start":{"line":12,"column":22},"end":{"line":12,"column":29}},"loc":{"start":{"line":12,"column":79},"end":{"line":32,"column":null}}},"1":{"name":"(anonymous_9)","decl":{"start":{"line":12,"column":79},"end":{"line":12,"column":null}},"loc":{"start":{"line":12,"column":79},"end":{"line":32,"column":1}}}},"branchMap":{},"s":{"0":4,"1":4,"2":0,"3":0,"4":0,"5":0,"6":0,"7":0,"8":0,"9":4},"f":{"0":0,"1":0},"b":{}}
,"C:\\Users\\User\\WebstormProjects\\PInstagramAPI\\controllers\\commentControllers\\likeComment.ts": {"path":"C:\\Users\\User\\WebstormProjects\\PInstagramAPI\\controllers\\commentControllers\\likeComment.ts","statementMap":{"0":{"start":{"line":4,"column":20},"end":{"line":10,"column":null}},"1":{"start":{"line":4,"column":55},"end":{"line":10,"column":null}},"2":{"start":{"line":5,"column":5},"end":{"line":9,"column":null}},"3":{"start":{"line":14,"column":0},"end":{"line":14,"column":null}}},"fnMap":{"0":{"name":"(anonymous_7)","decl":{"start":{"line":4,"column":20},"end":{"line":4,"column":27}},"loc":{"start":{"line":4,"column":55},"end":{"line":10,"column":null}}},"1":{"name":"(anonymous_8)","decl":{"start":{"line":4,"column":55},"end":{"line":4,"column":null}},"loc":{"start":{"line":4,"column":55},"end":{"line":10,"column":1}}}},"branchMap":{},"s":{"0":4,"1":0,"2":0,"3":4},"f":{"0":0,"1":0},"b":{}}
,"C:\\Users\\User\\WebstormProjects\\PInstagramAPI\\controllers\\commentControllers\\unlikeComment.ts": {"path":"C:\\Users\\User\\WebstormProjects\\PInstagramAPI\\controllers\\commentControllers\\unlikeComment.ts","statementMap":{"0":{"start":{"line":4,"column":21},"end":{"line":10,"column":null}},"1":{"start":{"line":4,"column":56},"end":{"line":10,"column":null}},"2":{"start":{"line":5,"column":5},"end":{"line":9,"column":null}},"3":{"start":{"line":14,"column":0},"end":{"line":14,"column":null}}},"fnMap":{"0":{"name":"(anonymous_7)","decl":{"start":{"line":4,"column":21},"end":{"line":4,"column":28}},"loc":{"start":{"line":4,"column":56},"end":{"line":10,"column":null}}},"1":{"name":"(anonymous_8)","decl":{"start":{"line":4,"column":56},"end":{"line":4,"column":null}},"loc":{"start":{"line":4,"column":56},"end":{"line":10,"column":1}}}},"branchMap":{},"s":{"0":4,"1":0,"2":0,"3":4},"f":{"0":0,"1":0},"b":{}}
,"C:\\Users\\User\\WebstormProjects\\PInstagramAPI\\controllers\\postControllers\\createPost.ts": {"path":"C:\\Users\\User\\WebstormProjects\\PInstagramAPI\\controllers\\postControllers\\createPost.ts","statementMap":{"0":{"start":{"line":2,"column":0},"end":{"line":2,"column":70}},"1":{"start":{"line":5,"column":0},"end":{"line":5,"column":51}},"2":{"start":{"line":6,"column":0},"end":{"line":6,"column":37}},"3":{"start":{"line":7,"column":0},"end":{"line":7,"column":34}},"4":{"start":{"line":8,"column":0},"end":{"line":8,"column":28}},"5":{"start":{"line":19,"column":19},"end":{"line":114,"column":null}},"6":{"start":{"line":19,"column":86},"end":{"line":114,"column":null}},"7":{"start":{"line":20,"column":5},"end":{"line":20,"column":null}},"8":{"start":{"line":21,"column":21},"end":{"line":21,"column":37}},"9":{"start":{"line":23,"column":24},"end":{"line":23,"column":26}},"10":{"start":{"line":24,"column":5},"end":{"line":112,"column":null}},"11":{"start":{"line":25,"column":10},"end":{"line":27,"column":null}},"12":{"start":{"line":26,"column":15},"end":{"line":26,"column":null}},"13":{"start":{"line":28,"column":97},"end":{"line":56,"column":12}},"14":{"start":{"line":28,"column":164},"end":{"line":56,"column":12}},"15":{"start":{"line":30,"column":15},"end":{"line":55,"column":null}},"16":{"start":{"line":32,"column":20},"end":{"line":52,"column":null}},"17":{"start":{"line":33,"column":42},"end":{"line":36,"column":32}},"18":{"start":{"line":35,"column":35},"end":{"line":35,"column":null}},"19":{"start":{"line":38,"column":25},"end":{"line":41,"column":null}},"20":{"start":{"line":43,"column":42},"end":{"line":46,"column":32}},"21":{"start":{"line":45,"column":35},"end":{"line":45,"column":null}},"22":{"start":{"line":48,"column":25},"end":{"line":51,"column":null}},"23":{"start":{"line":54,"column":20},"end":{"line":54,"column":null}},"24":{"start":{"line":57,"column":28},"end":{"line":57,"column":62}},"25":{"start":{"line":58,"column":29},"end":{"line":72,"column":null}},"26":{"start":{"line":76,"column":25},"end":{"line":76,"column":33}},"27":{"start":{"line":77,"column":26},"end":{"line":87,"column":12}},"28":{"start":{"line":89,"column":33},"end":{"line":99,"column":12}},"29":{"start":{"line":93,"column":20},"end":{"line":95,"column":null}},"30":{"start":{"line":101,"column":10},"end":{"line":105,"column":null}},"31":{"start":{"line":107,"column":10},"end":{"line":107,"column":null}},"32":{"start":{"line":108,"column":10},"end":{"line":111,"column":null}},"33":{"start":{"line":116,"column":0},"end":{"line":116,"column":null}}},"fnMap":{"0":{"name":"(anonymous_8)","decl":{"start":{"line":19,"column":19},"end":{"line":19,"column":26}},"loc":{"start":{"line":19,"column":86},"end":{"line":114,"column":null}}},"1":{"name":"(anonymous_9)","decl":{"start":{"line":19,"column":86},"end":{"line":19,"column":null}},"loc":{"start":{"line":19,"column":86},"end":{"line":114,"column":1}}},"2":{"name":"(anonymous_10)","decl":{"start":{"line":28,"column":113},"end":{"line":28,"column":120}},"loc":{"start":{"line":28,"column":164},"end":{"line":56,"column":12}}},"3":{"name":"(anonymous_11)","decl":{"start":{"line":28,"column":164},"end":{"line":28,"column":null}},"loc":{"start":{"line":28,"column":164},"end":{"line":56,"column":11}}},"4":{"name":"(anonymous_12)","decl":{"start":{"line":34,"column":37},"end":{"line":34,"column":38}},"loc":{"start":{"line":34,"column":45},"end":{"line":36,"column":31}}},"5":{"name":"(anonymous_13)","decl":{"start":{"line":44,"column":37},"end":{"line":44,"column":38}},"loc":{"start":{"line":44,"column":45},"end":{"line":46,"column":31}}},"6":{"name":"(anonymous_14)","decl":{"start":{"line":92,"column":48},"end":{"line":92,"column":49}},"loc":{"start":{"line":92,"column":58},"end":{"line":97,"column":16}}}},"branchMap":{"0":{"loc":{"start":{"line":30,"column":15},"end":{"line":55,"column":null}},"type":"if","locations":[{"start":{"line":30,"column":15},"end":{"line":55,"column":null}},{"start":{"line":53,"column":21},"end":{"line":55,"column":null}}]},"1":{"loc":{"start":{"line":32,"column":20},"end":{"line":52,"column":null}},"type":"if","locations":[{"start":{"line":32,"column":20},"end":{"line":52,"column":null}},{"start":{"line":42,"column":26},"end":{"line":52,"column":null}}]},"2":{"loc":{"start":{"line":39,"column":43},"end":{"line":39,"column":63}},"type":"cond-expr","locations":[{"start":{"line":39,"column":51},"end":{"line":39,"column":53}},{"start":{"line":39,"column":43},"end":{"line":39,"column":63}}]},"3":{"loc":{"start":{"line":39,"column":43},"end":{"line":39,"column":53}},"type":"binary-expr","locations":[{"start":{"line":39,"column":43},"end":{"line":39,"column":53}},{"start":{"line":39,"column":43},"end":{"line":39,"column":53}}]},"4":{"loc":{"start":{"line":49,"column":43},"end":{"line":49,"column":63}},"type":"cond-expr","locations":[{"start":{"line":49,"column":51},"end":{"line":49,"column":53}},{"start":{"line":49,"column":43},"end":{"line":49,"column":63}}]},"5":{"loc":{"start":{"line":49,"column":43},"end":{"line":49,"column":53}},"type":"binary-expr","locations":[{"start":{"line":49,"column":43},"end":{"line":49,"column":53}},{"start":{"line":49,"column":43},"end":{"line":49,"column":53}}]}},"s":{"0":4,"1":4,"2":4,"3":4,"4":4,"5":4,"6":0,"7":0,"8":0,"9":0,"10":0,"11":0,"12":0,"13":0,"14":0,"15":0,"16":0,"17":0,"18":0,"19":0,"20":0,"21":0,"22":0,"23":0,"24":0,"25":0,"26":0,"27":0,"28":0,"29":0,"30":0,"31":0,"32":0,"33":4},"f":{"0":0,"1":0,"2":0,"3":0,"4":0,"5":0,"6":0},"b":{"0":[0,0],"1":[0,0],"2":[0,0],"3":[0,0],"4":[0,0],"5":[0,0]}}
,"C:\\Users\\User\\WebstormProjects\\PInstagramAPI\\controllers\\postControllers\\deletePost.ts": {"path":"C:\\Users\\User\\WebstormProjects\\PInstagramAPI\\controllers\\postControllers\\deletePost.ts","statementMap":{"0":{"start":{"line":3,"column":0},"end":{"line":3,"column":37}},"1":{"start":{"line":9,"column":19},"end":{"line":30,"column":null}},"2":{"start":{"line":9,"column":78},"end":{"line":30,"column":null}},"3":{"start":{"line":10,"column":5},"end":{"line":29,"column":null}},"4":{"start":{"line":11,"column":30},"end":{"line":18,"column":12}},"5":{"start":{"line":19,"column":10},"end":{"line":22,"column":null}},"6":{"start":{"line":24,"column":10},"end":{"line":24,"column":null}},"7":{"start":{"line":25,"column":10},"end":{"line":28,"column":null}},"8":{"start":{"line":32,"column":0},"end":{"line":32,"column":null}}},"fnMap":{"0":{"name":"(anonymous_8)","decl":{"start":{"line":9,"column":19},"end":{"line":9,"column":26}},"loc":{"start":{"line":9,"column":78},"end":{"line":30,"column":null}}},"1":{"name":"(anonymous_9)","decl":{"start":{"line":9,"column":78},"end":{"line":9,"column":null}},"loc":{"start":{"line":9,"column":78},"end":{"line":30,"column":1}}}},"branchMap":{},"s":{"0":4,"1":4,"2":0,"3":0,"4":0,"5":0,"6":0,"7":0,"8":4},"f":{"0":0,"1":0},"b":{}}
,"C:\\Users\\User\\WebstormProjects\\PInstagramAPI\\controllers\\postControllers\\getAllPosts.ts": {"path":"C:\\Users\\User\\WebstormProjects\\PInstagramAPI\\controllers\\postControllers\\getAllPosts.ts","statementMap":{"0":{"start":{"line":2,"column":0},"end":{"line":2,"column":37}},"1":{"start":{"line":5,"column":20},"end":{"line":39,"column":null}},"2":{"start":{"line":5,"column":55},"end":{"line":39,"column":null}},"3":{"start":{"line":6,"column":5},"end":{"line":37,"column":null}},"4":{"start":{"line":7,"column":24},"end":{"line":21,"column":12}},"5":{"start":{"line":23,"column":10},"end":{"line":27,"column":null}},"6":{"start":{"line":30,"column":10},"end":{"line":30,"column":null}},"7":{"start":{"line":31,"column":10},"end":{"line":35,"column":null}},"8":{"start":{"line":41,"column":0},"end":{"line":41,"column":null}}},"fnMap":{"0":{"name":"(anonymous_8)","decl":{"start":{"line":5,"column":20},"end":{"line":5,"column":27}},"loc":{"start":{"line":5,"column":55},"end":{"line":39,"column":null}}},"1":{"name":"(anonymous_9)","decl":{"start":{"line":5,"column":55},"end":{"line":5,"column":null}},"loc":{"start":{"line":5,"column":55},"end":{"line":39,"column":1}}}},"branchMap":{},"s":{"0":4,"1":4,"2":0,"3":0,"4":0,"5":0,"6":0,"7":0,"8":4},"f":{"0":0,"1":0},"b":{}}
,"C:\\Users\\User\\WebstormProjects\\PInstagramAPI\\controllers\\postControllers\\getPostsByUser.ts": {"path":"C:\\Users\\User\\WebstormProjects\\PInstagramAPI\\controllers\\postControllers\\getPostsByUser.ts","statementMap":{"0":{"start":{"line":3,"column":0},"end":{"line":3,"column":37}},"1":{"start":{"line":9,"column":23},"end":{"line":38,"column":null}},"2":{"start":{"line":9,"column":81},"end":{"line":38,"column":null}},"3":{"start":{"line":10,"column":5},"end":{"line":36,"column":null}},"4":{"start":{"line":11,"column":29},"end":{"line":11,"column":39}},"5":{"start":{"line":12,"column":24},"end":{"line":22,"column":12}},"6":{"start":{"line":23,"column":10},"end":{"line":27,"column":null}},"7":{"start":{"line":30,"column":10},"end":{"line":30,"column":null}},"8":{"start":{"line":31,"column":10},"end":{"line":34,"column":null}},"9":{"start":{"line":40,"column":0},"end":{"line":40,"column":null}}},"fnMap":{"0":{"name":"(anonymous_8)","decl":{"start":{"line":9,"column":23},"end":{"line":9,"column":30}},"loc":{"start":{"line":9,"column":81},"end":{"line":38,"column":null}}},"1":{"name":"(anonymous_9)","decl":{"start":{"line":9,"column":81},"end":{"line":9,"column":null}},"loc":{"start":{"line":9,"column":81},"end":{"line":38,"column":1}}}},"branchMap":{},"s":{"0":4,"1":4,"2":0,"3":0,"4":0,"5":0,"6":0,"7":0,"8":0,"9":4},"f":{"0":0,"1":0},"b":{}}
,"C:\\Users\\User\\WebstormProjects\\PInstagramAPI\\controllers\\userControllers\\followUser.ts": {"path":"C:\\Users\\User\\WebstormProjects\\PInstagramAPI\\controllers\\userControllers\\followUser.ts","statementMap":{"0":{"start":{"line":2,"column":0},"end":{"line":2,"column":37}},"1":{"start":{"line":10,"column":19},"end":{"line":50,"column":null}},"2":{"start":{"line":10,"column":76},"end":{"line":50,"column":null}},"3":{"start":{"line":11,"column":5},"end":{"line":49,"column":null}},"4":{"start":{"line":12,"column":33},"end":{"line":17,"column":12}},"5":{"start":{"line":18,"column":10},"end":{"line":36,"column":null}},"6":{"start":{"line":19,"column":15},"end":{"line":23,"column":null}},"7":{"start":{"line":25,"column":35},"end":{"line":30,"column":17}},"8":{"start":{"line":31,"column":15},"end":{"line":35,"column":null}},"9":{"start":{"line":41,"column":10},"end":{"line":41,"column":null}},"10":{"start":{"line":42,"column":10},"end":{"line":46,"column":null}},"11":{"start":{"line":52,"column":0},"end":{"line":52,"column":null}}},"fnMap":{"0":{"name":"(anonymous_8)","decl":{"start":{"line":10,"column":19},"end":{"line":10,"column":26}},"loc":{"start":{"line":10,"column":76},"end":{"line":50,"column":null}}},"1":{"name":"(anonymous_9)","decl":{"start":{"line":10,"column":76},"end":{"line":10,"column":null}},"loc":{"start":{"line":10,"column":76},"end":{"line":50,"column":1}}}},"branchMap":{"0":{"loc":{"start":{"line":18,"column":10},"end":{"line":36,"column":null}},"type":"if","locations":[{"start":{"line":18,"column":10},"end":{"line":36,"column":null}},{"start":{"line":24,"column":16},"end":{"line":36,"column":null}}]}},"s":{"0":4,"1":4,"2":0,"3":0,"4":0,"5":0,"6":0,"7":0,"8":0,"9":0,"10":0,"11":4},"f":{"0":0,"1":0},"b":{"0":[0,0]}}
,"C:\\Users\\User\\WebstormProjects\\PInstagramAPI\\controllers\\userControllers\\getAllUsers.ts": {"path":"C:\\Users\\User\\WebstormProjects\\PInstagramAPI\\controllers\\userControllers\\getAllUsers.ts","statementMap":{"0":{"start":{"line":2,"column":0},"end":{"line":2,"column":37}},"1":{"start":{"line":4,"column":20},"end":{"line":29,"column":null}},"2":{"start":{"line":4,"column":55},"end":{"line":29,"column":null}},"3":{"start":{"line":5,"column":5},"end":{"line":27,"column":null}},"4":{"start":{"line":6,"column":24},"end":{"line":14,"column":12}},"5":{"start":{"line":15,"column":10},"end":{"line":19,"column":null}},"6":{"start":{"line":22,"column":10},"end":{"line":22,"column":null}},"7":{"start":{"line":23,"column":10},"end":{"line":26,"column":null}},"8":{"start":{"line":31,"column":0},"end":{"line":31,"column":null}}},"fnMap":{"0":{"name":"(anonymous_8)","decl":{"start":{"line":4,"column":20},"end":{"line":4,"column":27}},"loc":{"start":{"line":4,"column":55},"end":{"line":29,"column":null}}},"1":{"name":"(anonymous_9)","decl":{"start":{"line":4,"column":55},"end":{"line":4,"column":null}},"loc":{"start":{"line":4,"column":55},"end":{"line":29,"column":1}}}},"branchMap":{},"s":{"0":4,"1":4,"2":1,"3":1,"4":1,"5":1,"6":0,"7":0,"8":4},"f":{"0":1,"1":1},"b":{}}
,"C:\\Users\\User\\WebstormProjects\\PInstagramAPI\\controllers\\userControllers\\getUserById.ts": {"path":"C:\\Users\\User\\WebstormProjects\\PInstagramAPI\\controllers\\userControllers\\getUserById.ts","statementMap":{"0":{"start":{"line":3,"column":0},"end":{"line":3,"column":37}},"1":{"start":{"line":10,"column":20},"end":{"line":67,"column":null}},"2":{"start":{"line":10,"column":81},"end":{"line":67,"column":null}},"3":{"start":{"line":11,"column":20},"end":{"line":11,"column":37}},"4":{"start":{"line":12,"column":5},"end":{"line":17,"column":null}},"5":{"start":{"line":13,"column":10},"end":{"line":16,"column":null}},"6":{"start":{"line":18,"column":5},"end":{"line":66,"column":null}},"7":{"start":{"line":19,"column":23},"end":{"line":27,"column":12}},"8":{"start":{"line":28,"column":10},"end":{"line":56,"column":null}},"9":{"start":{"line":29,"column":15},"end":{"line":33,"column":null}},"10":{"start":{"line":35,"column":29},"end":{"line":48,"column":17}},"11":{"start":{"line":50,"column":15},"end":{"line":55,"column":null}},"12":{"start":{"line":58,"column":10},"end":{"line":58,"column":null}},"13":{"start":{"line":59,"column":10},"end":{"line":65,"column":null}},"14":{"start":{"line":69,"column":0},"end":{"line":69,"column":null}}},"fnMap":{"0":{"name":"(anonymous_8)","decl":{"start":{"line":10,"column":20},"end":{"line":10,"column":27}},"loc":{"start":{"line":10,"column":81},"end":{"line":67,"column":null}}},"1":{"name":"(anonymous_9)","decl":{"start":{"line":10,"column":81},"end":{"line":10,"column":null}},"loc":{"start":{"line":10,"column":81},"end":{"line":67,"column":1}}}},"branchMap":{"0":{"loc":{"start":{"line":12,"column":5},"end":{"line":17,"column":null}},"type":"if","locations":[{"start":{"line":12,"column":5},"end":{"line":17,"column":null}}]},"1":{"loc":{"start":{"line":28,"column":10},"end":{"line":56,"column":null}},"type":"if","locations":[{"start":{"line":28,"column":10},"end":{"line":56,"column":null}},{"start":{"line":34,"column":16},"end":{"line":56,"column":null}}]}},"s":{"0":4,"1":4,"2":1,"3":1,"4":1,"5":0,"6":1,"7":1,"8":1,"9":1,"10":0,"11":0,"12":0,"13":0,"14":4},"f":{"0":1,"1":1},"b":{"0":[0],"1":[1,0]}}
,"C:\\Users\\User\\WebstormProjects\\PInstagramAPI\\controllers\\userControllers\\loginUser.ts": {"path":"C:\\Users\\User\\WebstormProjects\\PInstagramAPI\\controllers\\userControllers\\loginUser.ts","statementMap":{"0":{"start":{"line":2,"column":0},"end":{"line":2,"column":37}},"1":{"start":{"line":3,"column":0},"end":{"line":3,"column":32}},"2":{"start":{"line":4,"column":0},"end":{"line":4,"column":31}},"3":{"start":{"line":6,"column":0},"end":{"line":6,"column":51}},"4":{"start":{"line":13,"column":18},"end":{"line":62,"column":null}},"5":{"start":{"line":13,"column":80},"end":{"line":62,"column":null}},"6":{"start":{"line":14,"column":20},"end":{"line":14,"column":41}},"7":{"start":{"line":15,"column":5},"end":{"line":20,"column":null}},"8":{"start":{"line":16,"column":10},"end":{"line":19,"column":13}},"9":{"start":{"line":21,"column":5},"end":{"line":61,"column":null}},"10":{"start":{"line":22,"column":23},"end":{"line":30,"column":12}},"11":{"start":{"line":31,"column":10},"end":{"line":54,"column":null}},"12":{"start":{"line":32,"column":15},"end":{"line":35,"column":null}},"13":{"start":{"line":37,"column":33},"end":{"line":37,"column":84}},"14":{"start":{"line":38,"column":15},"end":{"line":53,"column":null}},"15":{"start":{"line":39,"column":34},"end":{"line":39,"column":58}},"16":{"start":{"line":40,"column":20},"end":{"line":45,"column":null}},"17":{"start":{"line":47,"column":20},"end":{"line":52,"column":null}},"18":{"start":{"line":56,"column":10},"end":{"line":56,"column":null}},"19":{"start":{"line":57,"column":10},"end":{"line":60,"column":null}},"20":{"start":{"line":63,"column":0},"end":{"line":63,"column":null}}},"fnMap":{"0":{"name":"(anonymous_14)","decl":{"start":{"line":13,"column":18},"end":{"line":13,"column":25}},"loc":{"start":{"line":13,"column":80},"end":{"line":62,"column":null}}},"1":{"name":"(anonymous_15)","decl":{"start":{"line":13,"column":80},"end":{"line":13,"column":null}},"loc":{"start":{"line":13,"column":80},"end":{"line":62,"column":1}}}},"branchMap":{"0":{"loc":{"start":{"line":15,"column":5},"end":{"line":20,"column":null}},"type":"if","locations":[{"start":{"line":15,"column":5},"end":{"line":20,"column":null}}]},"1":{"loc":{"start":{"line":31,"column":10},"end":{"line":54,"column":null}},"type":"if","locations":[{"start":{"line":31,"column":10},"end":{"line":54,"column":null}},{"start":{"line":36,"column":16},"end":{"line":54,"column":null}}]},"2":{"loc":{"start":{"line":38,"column":15},"end":{"line":53,"column":null}},"type":"if","locations":[{"start":{"line":38,"column":15},"end":{"line":53,"column":null}},{"start":{"line":46,"column":21},"end":{"line":53,"column":null}}]}},"s":{"0":4,"1":4,"2":4,"3":4,"4":4,"5":2,"6":2,"7":2,"8":1,"9":1,"10":1,"11":1,"12":0,"13":1,"14":1,"15":1,"16":1,"17":0,"18":0,"19":0,"20":4},"f":{"0":2,"1":2},"b":{"0":[1],"1":[0,1],"2":[1,0]}}
,"C:\\Users\\User\\WebstormProjects\\PInstagramAPI\\controllers\\userControllers\\signUpUser.ts": {"path":"C:\\Users\\User\\WebstormProjects\\PInstagramAPI\\controllers\\userControllers\\signUpUser.ts","statementMap":{"0":{"start":{"line":2,"column":0},"end":{"line":2,"column":32}},"1":{"start":{"line":4,"column":0},"end":{"line":4,"column":50}},"2":{"start":{"line":5,"column":0},"end":{"line":5,"column":69}},"3":{"start":{"line":6,"column":0},"end":{"line":6,"column":37}},"4":{"start":{"line":8,"column":0},"end":{"line":8,"column":35}},"5":{"start":{"line":9,"column":0},"end":{"line":9,"column":51}},"6":{"start":{"line":21,"column":19},"end":{"line":77,"column":null}},"7":{"start":{"line":21,"column":82},"end":{"line":77,"column":null}},"8":{"start":{"line":22,"column":5},"end":{"line":22,"column":null}},"9":{"start":{"line":23,"column":20},"end":{"line":23,"column":41}},"10":{"start":{"line":24,"column":5},"end":{"line":29,"column":null}},"11":{"start":{"line":25,"column":10},"end":{"line":28,"column":13}},"12":{"start":{"line":30,"column":5},"end":{"line":75,"column":null}},"13":{"start":{"line":31,"column":23},"end":{"line":31,"column":58}},"14":{"start":{"line":32,"column":23},"end":{"line":44,"column":12}},"15":{"start":{"line":45,"column":10},"end":{"line":49,"column":null}},"16":{"start":{"line":52,"column":10},"end":{"line":52,"column":null}},"17":{"start":{"line":53,"column":10},"end":{"line":73,"column":null}},"18":{"start":{"line":54,"column":15},"end":{"line":66,"column":null}},"19":{"start":{"line":55,"column":20},"end":{"line":59,"column":null}},"20":{"start":{"line":61,"column":20},"end":{"line":65,"column":null}},"21":{"start":{"line":68,"column":15},"end":{"line":72,"column":null}},"22":{"start":{"line":79,"column":0},"end":{"line":79,"column":null}}},"fnMap":{"0":{"name":"(anonymous_14)","decl":{"start":{"line":21,"column":19},"end":{"line":21,"column":26}},"loc":{"start":{"line":21,"column":82},"end":{"line":77,"column":null}}},"1":{"name":"(anonymous_15)","decl":{"start":{"line":21,"column":82},"end":{"line":21,"column":null}},"loc":{"start":{"line":21,"column":82},"end":{"line":77,"column":1}}}},"branchMap":{"0":{"loc":{"start":{"line":24,"column":5},"end":{"line":29,"column":null}},"type":"if","locations":[{"start":{"line":24,"column":5},"end":{"line":29,"column":null}}]},"1":{"loc":{"start":{"line":53,"column":10},"end":{"line":73,"column":null}},"type":"if","locations":[{"start":{"line":53,"column":10},"end":{"line":73,"column":null}},{"start":{"line":67,"column":16},"end":{"line":73,"column":null}}]},"2":{"loc":{"start":{"line":54,"column":15},"end":{"line":66,"column":null}},"type":"if","locations":[{"start":{"line":54,"column":15},"end":{"line":66,"column":null}},{"start":{"line":60,"column":21},"end":{"line":66,"column":null}}]}},"s":{"0":4,"1":4,"2":4,"3":4,"4":4,"5":4,"6":4,"7":3,"8":3,"9":3,"10":3,"11":2,"12":1,"13":1,"14":1,"15":0,"16":1,"17":1,"18":1,"19":1,"20":0,"21":0,"22":4},"f":{"0":3,"1":3},"b":{"0":[2],"1":[1,0],"2":[1,0]}}
,"C:\\Users\\User\\WebstormProjects\\PInstagramAPI\\controllers\\userControllers\\unfollowUser.ts": {"path":"C:\\Users\\User\\WebstormProjects\\PInstagramAPI\\controllers\\userControllers\\unfollowUser.ts","statementMap":{"0":{"start":{"line":2,"column":0},"end":{"line":2,"column":37}},"1":{"start":{"line":10,"column":21},"end":{"line":36,"column":null}},"2":{"start":{"line":10,"column":78},"end":{"line":36,"column":null}},"3":{"start":{"line":11,"column":5},"end":{"line":35,"column":null}},"4":{"start":{"line":12,"column":30},"end":{"line":17,"column":12}},"5":{"start":{"line":18,"column":10},"end":{"line":22,"column":null}},"6":{"start":{"line":27,"column":10},"end":{"line":27,"column":null}},"7":{"start":{"line":28,"column":10},"end":{"line":32,"column":null}},"8":{"start":{"line":38,"column":0},"end":{"line":38,"column":null}}},"fnMap":{"0":{"name":"(anonymous_8)","decl":{"start":{"line":10,"column":21},"end":{"line":10,"column":28}},"loc":{"start":{"line":10,"column":78},"end":{"line":36,"column":null}}},"1":{"name":"(anonymous_9)","decl":{"start":{"line":10,"column":78},"end":{"line":10,"column":null}},"loc":{"start":{"line":10,"column":78},"end":{"line":36,"column":1}}}},"branchMap":{},"s":{"0":4,"1":4,"2":0,"3":0,"4":0,"5":0,"6":0,"7":0,"8":4},"f":{"0":0,"1":0},"b":{}}
,"C:\\Users\\User\\WebstormProjects\\PInstagramAPI\\routes\\CommentRoutes.ts": {"path":"C:\\Users\\User\\WebstormProjects\\PInstagramAPI\\routes\\CommentRoutes.ts","statementMap":{"0":{"start":{"line":1,"column":0},"end":{"line":1,"column":30}},"1":{"start":{"line":2,"column":0},"end":{"line":2,"column":70}},"2":{"start":{"line":3,"column":0},"end":{"line":3,"column":72}},"3":{"start":{"line":4,"column":0},"end":{"line":4,"column":76}},"4":{"start":{"line":5,"column":0},"end":{"line":5,"column":76}},"5":{"start":{"line":8,"column":15},"end":{"line":8,"column":31}},"6":{"start":{"line":11,"column":0},"end":{"line":11,"column":null}},"7":{"start":{"line":12,"column":0},"end":{"line":12,"column":null}},"8":{"start":{"line":13,"column":0},"end":{"line":13,"column":null}},"9":{"start":{"line":14,"column":0},"end":{"line":14,"column":null}},"10":{"start":{"line":17,"column":0},"end":{"line":17,"column":null}}},"fnMap":{},"branchMap":{},"s":{"0":4,"1":4,"2":4,"3":4,"4":4,"5":4,"6":4,"7":4,"8":4,"9":4,"10":4},"f":{},"b":{}}
,"C:\\Users\\User\\WebstormProjects\\PInstagramAPI\\routes\\PostRoutes.ts": {"path":"C:\\Users\\User\\WebstormProjects\\PInstagramAPI\\routes\\PostRoutes.ts","statementMap":{"0":{"start":{"line":1,"column":0},"end":{"line":1,"column":51}},"1":{"start":{"line":2,"column":15},"end":{"line":2,"column":31}},"2":{"start":{"line":3,"column":0},"end":{"line":3,"column":67}},"3":{"start":{"line":4,"column":0},"end":{"line":4,"column":74}},"4":{"start":{"line":5,"column":0},"end":{"line":5,"column":69}},"5":{"start":{"line":6,"column":0},"end":{"line":6,"column":67}},"6":{"start":{"line":10,"column":0},"end":{"line":10,"column":null}},"7":{"start":{"line":11,"column":0},"end":{"line":11,"column":null}},"8":{"start":{"line":12,"column":0},"end":{"line":12,"column":null}},"9":{"start":{"line":13,"column":0},"end":{"line":13,"column":null}},"10":{"start":{"line":15,"column":0},"end":{"line":15,"column":null}}},"fnMap":{},"branchMap":{},"s":{"0":4,"1":4,"2":4,"3":4,"4":4,"5":4,"6":4,"7":4,"8":4,"9":4,"10":4},"f":{},"b":{}}
,"C:\\Users\\User\\WebstormProjects\\PInstagramAPI\\routes\\UserRoutes.ts": {"path":"C:\\Users\\User\\WebstormProjects\\PInstagramAPI\\routes\\UserRoutes.ts","statementMap":{"0":{"start":{"line":1,"column":0},"end":{"line":1,"column":51}},"1":{"start":{"line":2,"column":0},"end":{"line":2,"column":67}},"2":{"start":{"line":3,"column":0},"end":{"line":3,"column":65}},"3":{"start":{"line":4,"column":0},"end":{"line":4,"column":69}},"4":{"start":{"line":5,"column":0},"end":{"line":5,"column":69}},"5":{"start":{"line":6,"column":0},"end":{"line":6,"column":67}},"6":{"start":{"line":7,"column":0},"end":{"line":7,"column":71}},"7":{"start":{"line":8,"column":0},"end":{"line":8,"column":39}},"8":{"start":{"line":10,"column":15},"end":{"line":10,"column":31}},"9":{"start":{"line":12,"column":0},"end":{"line":17,"column":null}},"10":{"start":{"line":19,"column":0},"end":{"line":22,"column":null}},"11":{"start":{"line":25,"column":0},"end":{"line":25,"column":null}},"12":{"start":{"line":26,"column":0},"end":{"line":26,"column":null}},"13":{"start":{"line":28,"column":0},"end":{"line":28,"column":null}},"14":{"start":{"line":29,"column":0},"end":{"line":29,"column":null}},"15":{"start":{"line":32,"column":0},"end":{"line":32,"column":null}}},"fnMap":{},"branchMap":{},"s":{"0":4,"1":4,"2":4,"3":4,"4":4,"5":4,"6":4,"7":4,"8":4,"9":4,"10":4,"11":4,"12":4,"13":4,"14":4,"15":4},"f":{},"b":{}}
}
