TN:
SF:app.ts
FN:29,(anonymous_1)
FNF:1
FNH:0
FNDA:0,(anonymous_1)
DA:1,4
DA:2,4
DA:3,4
DA:4,4
DA:5,4
DA:6,4
DA:7,4
DA:8,4
DA:11,4
DA:15,4
DA:17,4
DA:23,4
DA:24,4
DA:25,4
DA:26,4
DA:29,4
DA:30,0
DA:32,4
DA:33,4
DA:34,4
DA:40,4
LF:21
LH:20
BRF:0
BRH:0
end_of_record
TN:
SF:config\db.ts
FNF:0
FNH:0
DA:1,4
DA:4,4
DA:7,4
LF:3
LH:3
BRF:0
BRH:0
end_of_record
TN:
SF:config\imageUploadUtil.ts
FN:3,uploadImage
FN:4,(anonymous_2)
FN:12,(anonymous_3)
FN:24,uploadVideo
FN:25,(anonymous_5)
FN:33,(anonymous_6)
FNF:6
FNH:0
FNDA:0,uploadImage
FNDA:0,(anonymous_2)
FNDA:0,(anonymous_3)
FNDA:0,uploadVideo
FNDA:0,(anonymous_5)
FNDA:0,(anonymous_6)
DA:1,4
DA:4,0
DA:5,0
DA:14,0
DA:15,0
DA:16,0
DA:17,0
DA:19,0
DA:25,0
DA:26,0
DA:35,0
DA:36,0
DA:37,0
DA:38,0
DA:40,0
DA:46,4
LF:16
LH:2
BRDA:14,0,0,0
BRDA:14,0,1,0
BRDA:35,1,0,0
BRDA:35,1,1,0
BRF:4
BRH:0
end_of_record
TN:
SF:config\util.ts
FN:1,randomHexColor
FN:11,generateAvatarURL
FN:17,getFileExtension
FNF:3
FNH:2
FNDA:1,randomHexColor
FNDA:1,generateAvatarURL
FNDA:0,getFileExtension
DA:2,1
DA:3,1
DA:4,1
DA:5,6
DA:6,6
DA:9,1
DA:12,1
DA:13,1
DA:14,1
DA:18,0
DA:20,4
DA:21,4
LF:12
LH:11
BRF:0
BRH:0
end_of_record
TN:
SF:controllers\commentControllers\addComment.ts
FN:14,(anonymous_8)
FN:14,(anonymous_9)
FNF:2
FNH:0
FNDA:0,(anonymous_8)
FNDA:0,(anonymous_9)
DA:3,4
DA:4,4
DA:14,4
DA:15,0
DA:16,0
DA:17,0
DA:26,0
DA:32,0
DA:33,0
DA:42,4
LF:10
LH:4
BRF:0
BRH:0
end_of_record
TN:
SF:controllers\commentControllers\deleteComment.ts
FN:12,(anonymous_8)
FN:12,(anonymous_9)
FNF:2
FNH:0
FNDA:0,(anonymous_8)
FNDA:0,(anonymous_9)
DA:3,4
DA:12,4
DA:13,0
DA:14,0
DA:15,0
DA:20,0
DA:26,0
DA:27,0
DA:36,4
LF:9
LH:3
BRF:0
BRH:0
end_of_record
TN:
SF:controllers\commentControllers\likeComment.ts
FN:4,(anonymous_7)
FN:4,(anonymous_8)
FNF:2
FNH:0
FNDA:0,(anonymous_7)
FNDA:0,(anonymous_8)
DA:4,4
DA:5,0
DA:14,4
LF:3
LH:2
BRF:0
BRH:0
end_of_record
TN:
SF:controllers\commentControllers\unlikeComment.ts
FN:4,(anonymous_7)
FN:4,(anonymous_8)
FNF:2
FNH:0
FNDA:0,(anonymous_7)
FNDA:0,(anonymous_8)
DA:4,4
DA:5,0
DA:14,4
LF:3
LH:2
BRF:0
BRH:0
end_of_record
TN:
SF:controllers\postControllers\createPost.ts
FN:19,(anonymous_8)
FN:19,(anonymous_9)
FN:28,(anonymous_10)
FN:28,(anonymous_11)
FN:34,(anonymous_12)
FN:44,(anonymous_13)
FN:92,(anonymous_14)
FNF:7
FNH:0
FNDA:0,(anonymous_8)
FNDA:0,(anonymous_9)
FNDA:0,(anonymous_10)
FNDA:0,(anonymous_11)
FNDA:0,(anonymous_12)
FNDA:0,(anonymous_13)
FNDA:0,(anonymous_14)
DA:2,4
DA:5,4
DA:6,4
DA:7,4
DA:8,4
DA:19,4
DA:20,0
DA:21,0
DA:23,0
DA:24,0
DA:25,0
DA:26,0
DA:28,0
DA:30,0
DA:32,0
DA:33,0
DA:35,0
DA:38,0
DA:43,0
DA:45,0
DA:48,0
DA:54,0
DA:57,0
DA:58,0
DA:76,0
DA:77,0
DA:89,0
DA:93,0
DA:101,0
DA:107,0
DA:108,0
DA:116,4
LF:32
LH:7
BRDA:30,0,0,0
BRDA:30,0,1,0
BRDA:32,1,0,0
BRDA:32,1,1,0
BRDA:39,2,0,0
BRDA:39,2,1,0
BRDA:39,3,0,0
BRDA:39,3,1,0
BRDA:49,4,0,0
BRDA:49,4,1,0
BRDA:49,5,0,0
BRDA:49,5,1,0
BRF:12
BRH:0
end_of_record
TN:
SF:controllers\postControllers\deletePost.ts
FN:9,(anonymous_8)
FN:9,(anonymous_9)
FNF:2
FNH:0
FNDA:0,(anonymous_8)
FNDA:0,(anonymous_9)
DA:3,4
DA:9,4
DA:10,0
DA:11,0
DA:19,0
DA:24,0
DA:25,0
DA:32,4
LF:8
LH:3
BRF:0
BRH:0
end_of_record
TN:
SF:controllers\postControllers\getAllPosts.ts
FN:5,(anonymous_8)
FN:5,(anonymous_9)
FNF:2
FNH:0
FNDA:0,(anonymous_8)
FNDA:0,(anonymous_9)
DA:2,4
DA:5,4
DA:6,0
DA:7,0
DA:23,0
DA:30,0
DA:31,0
DA:41,4
LF:8
LH:3
BRF:0
BRH:0
end_of_record
TN:
SF:controllers\postControllers\getPostsByUser.ts
FN:9,(anonymous_8)
FN:9,(anonymous_9)
FNF:2
FNH:0
FNDA:0,(anonymous_8)
FNDA:0,(anonymous_9)
DA:3,4
DA:9,4
DA:10,0
DA:11,0
DA:12,0
DA:23,0
DA:30,0
DA:31,0
DA:40,4
LF:9
LH:3
BRF:0
BRH:0
end_of_record
TN:
SF:controllers\userControllers\followUser.ts
FN:10,(anonymous_8)
FN:10,(anonymous_9)
FNF:2
FNH:0
FNDA:0,(anonymous_8)
FNDA:0,(anonymous_9)
DA:2,4
DA:10,4
DA:11,0
DA:12,0
DA:18,0
DA:19,0
DA:25,0
DA:31,0
DA:41,0
DA:42,0
DA:52,4
LF:11
LH:3
BRDA:18,0,0,0
BRDA:18,0,1,0
BRF:2
BRH:0
end_of_record
TN:
SF:controllers\userControllers\getAllUsers.ts
FN:4,(anonymous_8)
FN:4,(anonymous_9)
FNF:2
FNH:2
FNDA:1,(anonymous_8)
FNDA:1,(anonymous_9)
DA:2,4
DA:4,4
DA:5,1
DA:6,1
DA:15,1
DA:22,0
DA:23,0
DA:31,4
LF:8
LH:6
BRF:0
BRH:0
end_of_record
TN:
SF:controllers\userControllers\getUserById.ts
FN:10,(anonymous_8)
FN:10,(anonymous_9)
FNF:2
FNH:2
FNDA:1,(anonymous_8)
FNDA:1,(anonymous_9)
DA:3,4
DA:10,4
DA:11,1
DA:12,1
DA:13,0
DA:18,1
DA:19,1
DA:28,1
DA:29,1
DA:35,0
DA:50,0
DA:58,0
DA:59,0
DA:69,4
LF:14
LH:9
BRDA:12,0,0,0
BRDA:28,1,0,1
BRDA:28,1,1,0
BRF:3
BRH:1
end_of_record
TN:
SF:controllers\userControllers\loginUser.ts
FN:13,(anonymous_14)
FN:13,(anonymous_15)
FNF:2
FNH:2
FNDA:2,(anonymous_14)
FNDA:2,(anonymous_15)
DA:2,4
DA:3,4
DA:4,4
DA:6,4
DA:13,4
DA:14,2
DA:15,2
DA:16,1
DA:21,1
DA:22,1
DA:31,1
DA:32,0
DA:37,1
DA:38,1
DA:39,1
DA:40,1
DA:47,0
DA:56,0
DA:57,0
DA:63,4
LF:20
LH:16
BRDA:15,0,0,1
BRDA:31,1,0,0
BRDA:31,1,1,1
BRDA:38,2,0,1
BRDA:38,2,1,0
BRF:5
BRH:3
end_of_record
TN:
SF:controllers\userControllers\signUpUser.ts
FN:21,(anonymous_14)
FN:21,(anonymous_15)
FNF:2
FNH:2
FNDA:3,(anonymous_14)
FNDA:3,(anonymous_15)
DA:2,4
DA:4,4
DA:5,4
DA:6,4
DA:8,4
DA:9,4
DA:21,4
DA:22,3
DA:23,3
DA:24,3
DA:25,2
DA:30,1
DA:31,1
DA:32,1
DA:45,0
DA:52,1
DA:53,1
DA:54,1
DA:55,1
DA:61,0
DA:68,0
DA:79,4
LF:22
LH:19
BRDA:24,0,0,2
BRDA:53,1,0,1
BRDA:53,1,1,0
BRDA:54,2,0,1
BRDA:54,2,1,0
BRF:5
BRH:3
end_of_record
TN:
SF:controllers\userControllers\unfollowUser.ts
FN:10,(anonymous_8)
FN:10,(anonymous_9)
FNF:2
FNH:0
FNDA:0,(anonymous_8)
FNDA:0,(anonymous_9)
DA:2,4
DA:10,4
DA:11,0
DA:12,0
DA:18,0
DA:27,0
DA:28,0
DA:38,4
LF:8
LH:3
BRF:0
BRH:0
end_of_record
TN:
SF:routes\CommentRoutes.ts
FNF:0
FNH:0
DA:1,4
DA:2,4
DA:3,4
DA:4,4
DA:5,4
DA:8,4
DA:11,4
DA:12,4
DA:13,4
DA:14,4
DA:17,4
LF:11
LH:11
BRF:0
BRH:0
end_of_record
TN:
SF:routes\PostRoutes.ts
FNF:0
FNH:0
DA:1,4
DA:2,4
DA:3,4
DA:4,4
DA:5,4
DA:6,4
DA:10,4
DA:11,4
DA:12,4
DA:13,4
DA:15,4
LF:11
LH:11
BRF:0
BRH:0
end_of_record
TN:
SF:routes\UserRoutes.ts
FNF:0
FNH:0
DA:1,4
DA:2,4
DA:3,4
DA:4,4
DA:5,4
DA:6,4
DA:7,4
DA:8,4
DA:10,4
DA:12,4
DA:19,4
DA:25,4
DA:26,4
DA:28,4
DA:29,4
DA:32,4
LF:16
LH:16
BRF:0
BRH:0
end_of_record
